<?xml version="1.0" encoding="UTF-8"?>
<!-- Generated by org.testng.reporters.JUnitXMLReporter -->
<testsuite ignored="0" hostname="DESKTOP-CGB0ISB" failures="0" tests="4" name="Test" time="43.525" errors="0" timestamp="2025-06-12T15:15:30 IST">
  <testcase classname="testCases.TC001_AccountRegistrationTest" name="verify_account_registration" time="4.697"/>
  <testcase classname="testCases.TC002_LoginTest" name="verify_login" time="4.849"/>
  <testcase classname="testCases.TC004_SearchProductTest" name="test_search_product" time="1.605"/>
  <testcase classname="testCases.TC005_AddToCartPageTest" name="verify_addToCart" time="4.923"/>
</testsuite> <!-- Test -->
