<?xml version="1.0" encoding="UTF-8"?>
<!-- Generated by org.testng.reporters.JUnitXMLReporter -->
<testsuite ignored="0" hostname="DESKTOP-CGB0ISB" failures="0" tests="4" name="Test" time="38.401" errors="0" timestamp="2025-06-15T14:26:33 IST">
  <testcase classname="testCases.TC001_AccountRegistrationTest" name="verify_account_registration" time="4.386"/>
  <testcase classname="testCases.TC002_LoginTest" name="verify_login" time="3.154"/>
  <testcase classname="testCases.TC004_SearchProductTest" name="test_search_product" time="1.502"/>
  <testcase classname="testCases.TC005_AddToCartPageTest" name="verify_addToCart" time="3.889"/>
</testsuite> <!-- Test -->
